  features.c
C:\Users\ulyss\source\repos\Medusa Injector\Medusa Injector\features.c(9,51): warning C4133: 'fonction' : types incompatibles - de 'unsigned short [31]' à 'char *'
C:\Users\ulyss\source\repos\Medusa Injector\Medusa Injector\features.c(10,17): warning C4098: 'ShowProcs' : fonction 'void' retournant une valeur
C:\Users\ulyss\source\repos\Medusa Injector\Medusa Injector\features.c(53,41): warning C4133: 'fonction' : types incompatibles - de 'unsigned short [21]' à 'char *'
C:\Users\ulyss\source\repos\Medusa Injector\Medusa Injector\features.c(80,26): warning C4028: paramètre formel 1 différent de la déclaration
C:\Users\ulyss\source\repos\Medusa Injector\Medusa Injector\features.c(80,41): warning C4028: paramètre formel 2 différent de la déclaration
C:\Users\ulyss\source\repos\Medusa Injector\Medusa Injector\features.c(97,55): warning C4133: 'fonction' : types incompatibles - de 'unsigned short [35]' à 'char *'
C:\Users\ulyss\source\repos\Medusa Injector\Medusa Injector\features.c(106,51): warning C4133: 'fonction' : types incompatibles - de 'unsigned short [31]' à 'char *'
C:\Users\ulyss\source\repos\Medusa Injector\Medusa Injector\features.c(110,40): warning C4133: 'fonction' : types incompatibles - de 'unsigned short [21]' à 'char *'
C:\Users\ulyss\source\repos\Medusa Injector\Medusa Injector\features.c(110,61): warning C4047: 'fonction' : les niveaux d'indirection de 'DWORD' et de 'void *' sont différents
C:\Users\ulyss\source\repos\Medusa Injector\Medusa Injector\features.c(110,57): warning C4024: 'LogInfo' : types différents pour le paramètre formel et réel 3
  utils.c
C:\Users\ulyss\source\repos\Medusa Injector\Medusa Injector\utils.c(14,9): warning C4013: 'wprintf' non défini(e) ; extern retournant int pris par défaut
C:\Users\ulyss\source\repos\Medusa Injector\Medusa Injector\utils.c(25,8): warning C4013: 'printf' non défini(e) ; extern retournant int pris par défaut
C:\Users\ulyss\source\repos\Medusa Injector\Medusa Injector\utils.c(39,29): warning C4013: 'getConsoleWidth' non défini(e) ; extern retournant int pris par défaut
C:\Users\ulyss\source\repos\Medusa Injector\Medusa Injector\utils.c(40,1): warning C4267: 'initialisation' : conversion de 'size_t' en 'int', perte possible de données
C:\Users\ulyss\source\repos\Medusa Injector\Medusa Injector\utils.c(86,37): warning C4028: paramètre formel 1 différent de la déclaration
C:\Users\ulyss\source\repos\Medusa Injector\Medusa Injector\utils.c(114,38): warning C4311: 'cast de type' : troncation de pointeur de 'BYTE *' à 'DWORD'
C:\Users\ulyss\source\repos\Medusa Injector\Medusa Injector\utils.c(116,13): warning C4047: 'return' : les niveaux d'indirection de 'DWORD' et de 'void *' sont différents
  Génération de code en cours
  1 of 35 functions ( 2.9%) were compiled, the rest were copied from previous compilation.
    0 functions were new in current compilation
    3 functions had inline decision re-evaluated but remain unchanged
  Fin de la génération du code
  Medusa Injector.vcxproj -> C:\Users\ulyss\source\repos\Medusa Injector\x64\Release\Medusa Injector.exe
