  features.c
C:\Users\ulyss\Desktop\MEDUSA-Injector-medusa-patch-1\MEDUSA-Injector-medusa-patch-1\Medusa Injector\features.c(75,26): warning C4028: paramètre formel 1 différent de la déclaration
C:\Users\ulyss\Desktop\MEDUSA-Injector-medusa-patch-1\MEDUSA-Injector-medusa-patch-1\Medusa Injector\features.c(75,41): warning C4028: paramètre formel 2 différent de la déclaration
C:\Users\ulyss\Desktop\MEDUSA-Injector-medusa-patch-1\MEDUSA-Injector-medusa-patch-1\Medusa Injector\features.c(107,23): warning C4047: 'fonction' : les niveaux d'indirection de 'LPWSTR' et de 'wchar_t *[256]' sont différents
C:\Users\ulyss\Desktop\MEDUSA-Injector-medusa-patch-1\MEDUSA-Injector-medusa-patch-1\Medusa Injector\features.c(107,18): warning C4024: 'wsprintfW' : types différents pour le paramètre formel et réel 1
C:\Users\ulyss\Desktop\MEDUSA-Injector-medusa-patch-1\MEDUSA-Injector-medusa-patch-1\Medusa Injector\features.c(108,22): warning C4047: 'fonction' : les niveaux d'indirection de 'wchar_t *' et de 'wchar_t *[256]' sont différents
C:\Users\ulyss\Desktop\MEDUSA-Injector-medusa-patch-1\MEDUSA-Injector-medusa-patch-1\Medusa Injector\features.c(108,17): warning C4024: 'LogInfo' : types différents pour le paramètre formel et réel 1
C:\Users\ulyss\Desktop\MEDUSA-Injector-medusa-patch-1\MEDUSA-Injector-medusa-patch-1\Medusa Injector\features.c(108,28): warning C4047: 'fonction' : les niveaux d'indirection de 'DWORD' et de 'void *' sont différents
C:\Users\ulyss\Desktop\MEDUSA-Injector-medusa-patch-1\MEDUSA-Injector-medusa-patch-1\Medusa Injector\features.c(108,24): warning C4024: 'LogInfo' : types différents pour le paramètre formel et réel 2
  injection.c
C:\Users\ulyss\Desktop\MEDUSA-Injector-medusa-patch-1\MEDUSA-Injector-medusa-patch-1\Medusa Injector\injection.c(11,38): warning C4047: 'fonction' : les niveaux d'indirection de 'DWORD' et de 'void *' sont différents
C:\Users\ulyss\Desktop\MEDUSA-Injector-medusa-patch-1\MEDUSA-Injector-medusa-patch-1\Medusa Injector\injection.c(11,34): warning C4024: 'LogError' : types différents pour le paramètre formel et réel 2
  main.c
C:\Users\ulyss\Desktop\MEDUSA-Injector-medusa-patch-1\MEDUSA-Injector-medusa-patch-1\Medusa Injector\main.c(29,35): warning C4018: '<' : incompatibilité signed/unsigned
C:\Users\ulyss\Desktop\MEDUSA-Injector-medusa-patch-1\MEDUSA-Injector-medusa-patch-1\Medusa Injector\main.c(33,35): warning C4018: '<' : incompatibilité signed/unsigned
C:\Users\ulyss\Desktop\MEDUSA-Injector-medusa-patch-1\MEDUSA-Injector-medusa-patch-1\Medusa Injector\main.c(46,28): warning C4129: ' ' : caractère de séquence d'échappement non reconnu
C:\Users\ulyss\Desktop\MEDUSA-Injector-medusa-patch-1\MEDUSA-Injector-medusa-patch-1\Medusa Injector\main.c(101,65): warning C4047: 'fonction' : les niveaux d'indirection de 'DWORD' et de 'void *' sont différents
C:\Users\ulyss\Desktop\MEDUSA-Injector-medusa-patch-1\MEDUSA-Injector-medusa-patch-1\Medusa Injector\main.c(101,61): warning C4024: 'LogError' : types différents pour le paramètre formel et réel 2
C:\Users\ulyss\Desktop\MEDUSA-Injector-medusa-patch-1\MEDUSA-Injector-medusa-patch-1\Medusa Injector\main.c(108,65): warning C4047: 'fonction' : les niveaux d'indirection de 'DWORD' et de 'void *' sont différents
C:\Users\ulyss\Desktop\MEDUSA-Injector-medusa-patch-1\MEDUSA-Injector-medusa-patch-1\Medusa Injector\main.c(108,61): warning C4024: 'LogError' : types différents pour le paramètre formel et réel 2
C:\Users\ulyss\Desktop\MEDUSA-Injector-medusa-patch-1\MEDUSA-Injector-medusa-patch-1\Medusa Injector\main.c(129,109): warning C4047: 'fonction' : les niveaux d'indirection de 'DWORD' et de 'void *' sont différents
C:\Users\ulyss\Desktop\MEDUSA-Injector-medusa-patch-1\MEDUSA-Injector-medusa-patch-1\Medusa Injector\main.c(129,105): warning C4024: 'LogError' : types différents pour le paramètre formel et réel 2
C:\Users\ulyss\Desktop\MEDUSA-Injector-medusa-patch-1\MEDUSA-Injector-medusa-patch-1\Medusa Injector\main.c(158,87): warning C4047: 'fonction' : les niveaux d'indirection de 'DWORD' et de 'void *' sont différents
C:\Users\ulyss\Desktop\MEDUSA-Injector-medusa-patch-1\MEDUSA-Injector-medusa-patch-1\Medusa Injector\main.c(158,83): warning C4024: 'LogError' : types différents pour le paramètre formel et réel 2
C:\Users\ulyss\Desktop\MEDUSA-Injector-medusa-patch-1\MEDUSA-Injector-medusa-patch-1\Medusa Injector\main.c(173,56): warning C4047: 'fonction' : les niveaux d'indirection de 'DWORD' et de 'void *' sont différents
C:\Users\ulyss\Desktop\MEDUSA-Injector-medusa-patch-1\MEDUSA-Injector-medusa-patch-1\Medusa Injector\main.c(173,52): warning C4024: 'LogError' : types différents pour le paramètre formel et réel 2
C:\Users\ulyss\Desktop\MEDUSA-Injector-medusa-patch-1\MEDUSA-Injector-medusa-patch-1\Medusa Injector\main.c(177,62): warning C4047: 'fonction' : les niveaux d'indirection de 'DWORD' et de 'unsigned short [1]' sont différents
C:\Users\ulyss\Desktop\MEDUSA-Injector-medusa-patch-1\MEDUSA-Injector-medusa-patch-1\Medusa Injector\main.c(177,59): warning C4024: 'LogError' : types différents pour le paramètre formel et réel 2
C:\Users\ulyss\Desktop\MEDUSA-Injector-medusa-patch-1\MEDUSA-Injector-medusa-patch-1\Medusa Injector\main.c(177,64): warning C4020: 'LogError' : paramètres réels trop nombreux
C:\Users\ulyss\Desktop\MEDUSA-Injector-medusa-patch-1\MEDUSA-Injector-medusa-patch-1\Medusa Injector\main.c(186,69): warning C4047: 'fonction' : les niveaux d'indirection de 'DWORD' et de 'void *' sont différents
C:\Users\ulyss\Desktop\MEDUSA-Injector-medusa-patch-1\MEDUSA-Injector-medusa-patch-1\Medusa Injector\main.c(186,65): warning C4024: 'LogError' : types différents pour le paramètre formel et réel 2
C:\Users\ulyss\Desktop\MEDUSA-Injector-medusa-patch-1\MEDUSA-Injector-medusa-patch-1\Medusa Injector\main.c(194,153): warning C4047: 'fonction' : les niveaux d'indirection de 'DWORD' et de 'void *' sont différents
C:\Users\ulyss\Desktop\MEDUSA-Injector-medusa-patch-1\MEDUSA-Injector-medusa-patch-1\Medusa Injector\main.c(194,149): warning C4024: 'LogError' : types différents pour le paramètre formel et réel 2
C:\Users\ulyss\Desktop\MEDUSA-Injector-medusa-patch-1\MEDUSA-Injector-medusa-patch-1\Medusa Injector\main.c(212,67): warning C4047: 'fonction' : les niveaux d'indirection de 'DWORD' et de 'void *' sont différents
C:\Users\ulyss\Desktop\MEDUSA-Injector-medusa-patch-1\MEDUSA-Injector-medusa-patch-1\Medusa Injector\main.c(212,63): warning C4024: 'LogError' : types différents pour le paramètre formel et réel 2
C:\Users\ulyss\Desktop\MEDUSA-Injector-medusa-patch-1\MEDUSA-Injector-medusa-patch-1\Medusa Injector\main.c(216,84): warning C4047: 'fonction' : les niveaux d'indirection de 'DWORD' et de 'void *' sont différents
C:\Users\ulyss\Desktop\MEDUSA-Injector-medusa-patch-1\MEDUSA-Injector-medusa-patch-1\Medusa Injector\main.c(216,80): warning C4024: 'LogError' : types différents pour le paramètre formel et réel 2
C:\Users\ulyss\Desktop\MEDUSA-Injector-medusa-patch-1\MEDUSA-Injector-medusa-patch-1\Medusa Injector\main.c(231,88): warning C4047: 'fonction' : les niveaux d'indirection de 'DWORD' et de 'void *' sont différents
C:\Users\ulyss\Desktop\MEDUSA-Injector-medusa-patch-1\MEDUSA-Injector-medusa-patch-1\Medusa Injector\main.c(231,84): warning C4024: 'LogError' : types différents pour le paramètre formel et réel 2
  thijack_injection.c
C:\Users\ulyss\Desktop\MEDUSA-Injector-medusa-patch-1\MEDUSA-Injector-medusa-patch-1\Medusa Injector\thijack_injection.c(28,20): warning C4018: '<' : incompatibilité signed/unsigned
C:\Users\ulyss\Desktop\MEDUSA-Injector-medusa-patch-1\MEDUSA-Injector-medusa-patch-1\Medusa Injector\thijack_injection.c(34,60): error C2065: 'RtlRestoreContext' : identificateur non déclaré
C:\Users\ulyss\Desktop\MEDUSA-Injector-medusa-patch-1\MEDUSA-Injector-medusa-patch-1\Medusa Injector\thijack_injection.c(55,83): warning C4047: 'fonction' : les niveaux d'indirection de 'DWORD' et de 'unsigned short [1]' sont différents
C:\Users\ulyss\Desktop\MEDUSA-Injector-medusa-patch-1\MEDUSA-Injector-medusa-patch-1\Medusa Injector\thijack_injection.c(55,80): warning C4024: 'LogError' : types différents pour le paramètre formel et réel 2
C:\Users\ulyss\Desktop\MEDUSA-Injector-medusa-patch-1\MEDUSA-Injector-medusa-patch-1\Medusa Injector\thijack_injection.c(55,97): warning C4020: 'LogError' : paramètres réels trop nombreux
C:\Users\ulyss\Desktop\MEDUSA-Injector-medusa-patch-1\MEDUSA-Injector-medusa-patch-1\Medusa Injector\thijack_injection.c(96,59): warning C4022: 'WriteProcessMemory' : incompatibilité de pointeur pour le paramètre réel 2
C:\Users\ulyss\Desktop\MEDUSA-Injector-medusa-patch-1\MEDUSA-Injector-medusa-patch-1\Medusa Injector\thijack_injection.c(97,34): warning C4047: '==' : les niveaux d'indirection de 'BOOL' et de 'void *' sont différents
C:\Users\ulyss\Desktop\MEDUSA-Injector-medusa-patch-1\MEDUSA-Injector-medusa-patch-1\Medusa Injector\thijack_injection.c(102,61): warning C4022: 'WriteProcessMemory' : incompatibilité de pointeur pour le paramètre réel 2
C:\Users\ulyss\Desktop\MEDUSA-Injector-medusa-patch-1\MEDUSA-Injector-medusa-patch-1\Medusa Injector\thijack_injection.c(103,36): warning C4047: '==' : les niveaux d'indirection de 'BOOL' et de 'void *' sont différents
C:\Users\ulyss\Desktop\MEDUSA-Injector-medusa-patch-1\MEDUSA-Injector-medusa-patch-1\Medusa Injector\thijack_injection.c(108,63): warning C4022: 'WriteProcessMemory' : incompatibilité de pointeur pour le paramètre réel 2
C:\Users\ulyss\Desktop\MEDUSA-Injector-medusa-patch-1\MEDUSA-Injector-medusa-patch-1\Medusa Injector\thijack_injection.c(109,38): warning C4047: '==' : les niveaux d'indirection de 'BOOL' et de 'void *' sont différents
C:\Users\ulyss\Desktop\MEDUSA-Injector-medusa-patch-1\MEDUSA-Injector-medusa-patch-1\Medusa Injector\thijack_injection.c(115,13): error C2039: 'Rip' n'est pas membre de '_CONTEXT'
C:\Program Files (x86)\Windows Kits\10\Include\10.0.19041.0\um\winnt.h(7623): message : voir la déclaration de '_CONTEXT'
C:\Users\ulyss\Desktop\MEDUSA-Injector-medusa-patch-1\MEDUSA-Injector-medusa-patch-1\Medusa Injector\thijack_injection.c(130,37): warning C4047: 'fonction' : les niveaux d'indirection de 'DWORD' et de 'HANDLE' sont différents
C:\Users\ulyss\Desktop\MEDUSA-Injector-medusa-patch-1\MEDUSA-Injector-medusa-patch-1\Medusa Injector\thijack_injection.c(130,24): warning C4024: 'PostThreadMessageW' : types différents pour le paramètre formel et réel 1
C:\Users\ulyss\Desktop\MEDUSA-Injector-medusa-patch-1\MEDUSA-Injector-medusa-patch-1\Medusa Injector\thijack_injection.c(64,3): warning C4047: 'initialisation' : les niveaux d'indirection de 'DWORD64' et de 'LPVOID' sont différents
C:\Users\ulyss\Desktop\MEDUSA-Injector-medusa-patch-1\MEDUSA-Injector-medusa-patch-1\Medusa Injector\thijack_injection.c(66,3): warning C4047: 'initialisation' : les niveaux d'indirection de 'DWORD64' et de 'LPVOID' sont différents
C:\Users\ulyss\Desktop\MEDUSA-Injector-medusa-patch-1\MEDUSA-Injector-medusa-patch-1\Medusa Injector\thijack_injection.c(69,3): warning C4047: 'initialisation' : les niveaux d'indirection de 'DWORD64' et de 'LPVOID' sont différents
  utils.c
C:\Users\ulyss\Desktop\MEDUSA-Injector-medusa-patch-1\MEDUSA-Injector-medusa-patch-1\Medusa Injector\utils.c(14,9): warning C4013: 'wprintf' non défini(e) ; extern retournant int pris par défaut
C:\Users\ulyss\Desktop\MEDUSA-Injector-medusa-patch-1\MEDUSA-Injector-medusa-patch-1\Medusa Injector\utils.c(25,8): warning C4013: 'printf' non défini(e) ; extern retournant int pris par défaut
C:\Users\ulyss\Desktop\MEDUSA-Injector-medusa-patch-1\MEDUSA-Injector-medusa-patch-1\Medusa Injector\utils.c(39,29): warning C4013: 'getConsoleWidth' non défini(e) ; extern retournant int pris par défaut
C:\Users\ulyss\Desktop\MEDUSA-Injector-medusa-patch-1\MEDUSA-Injector-medusa-patch-1\Medusa Injector\utils.c(86,37): warning C4028: paramètre formel 1 différent de la déclaration
C:\Users\ulyss\Desktop\MEDUSA-Injector-medusa-patch-1\MEDUSA-Injector-medusa-patch-1\Medusa Injector\utils.c(103,14): warning C4047: 'return' : les niveaux d'indirection de 'DWORD' et de 'void *' sont différents
C:\Users\ulyss\Desktop\MEDUSA-Injector-medusa-patch-1\MEDUSA-Injector-medusa-patch-1\Medusa Injector\utils.c(115,13): warning C4047: 'return' : les niveaux d'indirection de 'DWORD' et de 'void *' sont différents
