c:\users\ulyss\desktop\medusa-injector-main\medusa-injector-main\medusa injector\x64\debug\vc142.pdb
c:\users\ulyss\desktop\medusa-injector-main\medusa-injector-main\medusa injector\x64\debug\vc142.idb
c:\users\ulyss\desktop\medusa-injector-main\medusa-injector-main\medusa injector\x64\debug\utils.obj
c:\users\ulyss\desktop\medusa-injector-main\medusa-injector-main\medusa injector\x64\debug\thijack_injection.obj
c:\users\ulyss\desktop\medusa-injector-main\medusa-injector-main\medusa injector\x64\debug\main.obj
c:\users\ulyss\desktop\medusa-injector-main\medusa-injector-main\medusa injector\x64\debug\features.obj
c:\users\ulyss\desktop\medusa-injector-main\medusa-injector-main\medusa injector\x64\debug\medusa injector.res
c:\users\ulyss\desktop\medusa-injector-main\medusa-injector-main\medusa injector\x64\debug\injection.obj
c:\users\ulyss\desktop\medusa-injector-main\medusa-injector-main\medusa injector\x64\debug\queueuserapc_method.obj
c:\users\ulyss\desktop\medusa-injector-main\medusa-injector-main\medusa injector\x64\debug\setwindowhook_method.obj
c:\users\ulyss\desktop\medusa-injector-main\medusa-injector-main\medusa injector\x64\debug\threadhijacksolution.obj
c:\users\ulyss\desktop\medusa-injector-main\medusa-injector-main\medusa injector\x64\debug\features.obj.enc
c:\users\ulyss\desktop\medusa-injector-main\medusa-injector-main\medusa injector\x64\debug\medusa injector.ilk
c:\users\ulyss\desktop\medusa-injector-main\medusa-injector-main\x64\debug\medusa injector.pdb
c:\users\ulyss\desktop\medusa-injector-main\medusa-injector-main\x64\debug\medusa injector.exe
c:\users\ulyss\desktop\medusa-injector-main\medusa-injector-main\medusa injector\x64\debug\medusa injector.tlog\cl.command.1.tlog
c:\users\ulyss\desktop\medusa-injector-main\medusa-injector-main\medusa injector\x64\debug\medusa injector.tlog\cl.read.1.tlog
c:\users\ulyss\desktop\medusa-injector-main\medusa-injector-main\medusa injector\x64\debug\medusa injector.tlog\cl.write.1.tlog
c:\users\ulyss\desktop\medusa-injector-main\medusa-injector-main\medusa injector\x64\debug\medusa injector.tlog\link.command.1.tlog
c:\users\ulyss\desktop\medusa-injector-main\medusa-injector-main\medusa injector\x64\debug\medusa injector.tlog\link.read.1.tlog
c:\users\ulyss\desktop\medusa-injector-main\medusa-injector-main\medusa injector\x64\debug\medusa injector.tlog\link.write.1.tlog
c:\users\ulyss\desktop\medusa-injector-main\medusa-injector-main\medusa injector\x64\debug\medusa injector.tlog\rc.command.1.tlog
c:\users\ulyss\desktop\medusa-injector-main\medusa-injector-main\medusa injector\x64\debug\medusa injector.tlog\rc.read.1.tlog
c:\users\ulyss\desktop\medusa-injector-main\medusa-injector-main\medusa injector\x64\debug\medusa injector.tlog\rc.write.1.tlog
